# JRE version: Java(TM) SE Runtime Environment (8.0_101-b13) (build 1.8.0_101-b13)
# Java VM: Java HotSpot(TM) 64-Bit Server VM (25.101-b13 mixed mode windows-amd64 compressed oops)
Heap:
 PSYoungGen      total 231936K, used 209132K [0x00000000f0000000, 0x00000000fff00000, 0x0000000100000000)
  eden space 203264K, 95% used [0x00000000f0000000,0x00000000fbdb8810,0x00000000fc680000)
  from space 28672K, 51% used [0x00000000fe280000,0x00000000ff102a20,0x00000000ffe80000)
  to   space 28672K, 0% used [0x00000000fc680000,0x00000000fc680000,0x00000000fe280000)
 ParOldGen       total 158720K, used 118205K [0x00000000d0000000, 0x00000000d9b00000, 0x00000000f0000000)
  object space 158720K, 74% used [0x00000000d0000000,0x00000000d736f4c0,0x00000000d9b00000)
 Metaspace       used 99526K, capacity 101516K, committed 101804K, reserved 1138688K
  class space    used 11187K, capacity 11677K, committed 11692K, reserved 1048576K
GC Heap History (10 events):
Event: 191.157 GC heap before
{Heap before GC invocations=40 (full 4):
 PSYoungGen      total 230400K, used 206543K [0x00000000f0000000, 0x00000000fff80000, 0x0000000100000000)
  eden space 198656K, 100% used [0x00000000f0000000,0x00000000fc200000,0x00000000fc200000)
  from space 31744K, 24% used [0x00000000fc200000,0x00000000fc9b3d30,0x00000000fe100000)
  to   space 31232K, 0% used [0x00000000fe100000,0x00000000fe100000,0x00000000fff80000)
 ParOldGen       total 158720K, used 106420K [0x00000000d0000000, 0x00000000d9b00000, 0x00000000f0000000)
  object space 158720K, 67% used [0x00000000d0000000,0x00000000d67ed300,0x00000000d9b00000)
 Metaspace       used 82698K, capacity 84334K, committed 84396K, reserved 1124352K
  class space    used 9469K, capacity 9848K, committed 9900K, reserved 1048576K
Event: 191.170 GC heap after
Heap after GC invocations=40 (full 4):
 PSYoungGen      total 229376K, used 5205K [0x00000000f0000000, 0x00000000ffe80000, 0x0000000100000000)
  eden space 199168K, 0% used [0x00000000f0000000,0x00000000f0000000,0x00000000fc280000)
  from space 30208K, 17% used [0x00000000fe100000,0x00000000fe6156c8,0x00000000ffe80000)
  to   space 30720K, 0% used [0x00000000fc280000,0x00000000fc280000,0x00000000fe080000)
 ParOldGen       total 158720K, used 112053K [0x00000000d0000000, 0x00000000d9b00000, 0x00000000f0000000)
  object space 158720K, 70% used [0x00000000d0000000,0x00000000d6d6d7a0,0x00000000d9b00000)
 Metaspace       used 82698K, capacity 84334K, committed 84396K, reserved 1124352K
  class space    used 9469K, capacity 9848K, committed 9900K, reserved 1048576K
}
Event: 192.498 GC heap before
{Heap before GC invocations=41 (full 4):
 PSYoungGen      total 229376K, used 204373K [0x00000000f0000000, 0x00000000ffe80000, 0x0000000100000000)
  eden space 199168K, 100% used [0x00000000f0000000,0x00000000fc280000,0x00000000fc280000)
  from space 30208K, 17% used [0x00000000fe100000,0x00000000fe6156c8,0x00000000ffe80000)
  to   space 30720K, 0% used [0x00000000fc280000,0x00000000fc280000,0x00000000fe080000)
 ParOldGen       total 158720K, used 112053K [0x00000000d0000000, 0x00000000d9b00000, 0x00000000f0000000)
  object space 158720K, 70% used [0x00000000d0000000,0x00000000d6d6d7a0,0x00000000d9b00000)
 Metaspace       used 83183K, capacity 84880K, committed 85036K, reserved 1124352K
  class space    used 9562K, capacity 9955K, committed 10028K, reserved 1048576K
Event: 192.509 GC heap after
Heap after GC invocations=41 (full 4):
 PSYoungGen      total 229888K, used 3638K [0x00000000f0000000, 0x00000000fff80000, 0x0000000100000000)
  eden space 199168K, 0% used [0x00000000f0000000,0x00000000f0000000,0x00000000fc280000)
  from space 30720K, 11% used [0x00000000fc280000,0x00000000fc60db88,0x00000000fe080000)
  to   space 30208K, 0% used [0x00000000fe200000,0x00000000fe200000,0x00000000fff80000)
 ParOldGen       total 158720K, used 116398K [0x00000000d0000000, 0x00000000d9b00000, 0x00000000f0000000)
  object space 158720K, 73% used [0x00000000d0000000,0x00000000d71ab890,0x00000000d9b00000)
 Metaspace       used 83183K, capacity 84880K, committed 85036K, reserved 1124352K
  class space    used 9562K, capacity 9955K, committed 10028K, reserved 1048576K
}
Event: 193.123 GC heap before
{Heap before GC invocations=42 (full 4):
 PSYoungGen      total 229888K, used 202806K [0x00000000f0000000, 0x00000000fff80000, 0x0000000100000000)
  eden space 199168K, 100% used [0x00000000f0000000,0x00000000fc280000,0x00000000fc280000)
  from space 30720K, 11% used [0x00000000fc280000,0x00000000fc60db88,0x00000000fe080000)
  to   space 30208K, 0% used [0x00000000fe200000,0x00000000fe200000,0x00000000fff80000)
 ParOldGen       total 158720K, used 116398K [0x00000000d0000000, 0x00000000d9b00000, 0x00000000f0000000)
  object space 158720K, 73% used [0x00000000d0000000,0x00000000d71ab890,0x00000000d9b00000)
 Metaspace       used 83518K, capacity 85232K, committed 85292K, reserved 1124352K
  class space    used 9614K, capacity 9987K, committed 10028K, reserved 1048576K
Event: 193.142 GC heap after
Heap after GC invocations=42 (full 4):
 PSYoungGen      total 230400K, used 5033K [0x00000000f0000000, 0x00000000ffe80000, 0x0000000100000000)
  eden space 201216K, 0% used [0x00000000f0000000,0x00000000f0000000,0x00000000fc480000)
  from space 29184K, 17% used [0x00000000fe200000,0x00000000fe6ea478,0x00000000ffe80000)
  to   space 29696K, 0% used [0x00000000fc480000,0x00000000fc480000,0x00000000fe180000)
 ParOldGen       total 158720K, used 118125K [0x00000000d0000000, 0x00000000d9b00000, 0x00000000f0000000)
  object space 158720K, 74% used [0x00000000d0000000,0x00000000d735b4c0,0x00000000d9b00000)
 Metaspace       used 83518K, capacity 85232K, committed 85292K, reserved 1124352K
  class space    used 9614K, capacity 9987K, committed 10028K, reserved 1048576K
}
Event: 194.236 GC heap before
{Heap before GC invocations=43 (full 4):
 PSYoungGen      total 230400K, used 206249K [0x00000000f0000000, 0x00000000ffe80000, 0x0000000100000000)
  eden space 201216K, 100% used [0x00000000f0000000,0x00000000fc480000,0x00000000fc480000)
  from space 29184K, 17% used [0x00000000fe200000,0x00000000fe6ea478,0x00000000ffe80000)
  to   space 29696K, 0% used [0x00000000fc480000,0x00000000fc480000,0x00000000fe180000)
 ParOldGen       total 158720K, used 118125K [0x00000000d0000000, 0x00000000d9b00000, 0x00000000f0000000)
  object space 158720K, 74% used [0x00000000d0000000,0x00000000d735b4c0,0x00000000d9b00000)
 Metaspace       used 83605K, capacity 85424K, committed 85676K, reserved 1124352K
  class space    used 9635K, capacity 10051K, committed 10156K, reserved 1048576K
Event: 194.260 GC heap after
Heap after GC invocations=43 (full 4):
 PSYoungGen      total 230912K, used 6002K [0x00000000f0000000, 0x00000000ffe80000, 0x0000000100000000)
  eden space 201216K, 0% used [0x00000000f0000000,0x00000000f0000000,0x00000000fc480000)
  from space 29696K, 20% used [0x00000000fc480000,0x00000000fca5c9a8,0x00000000fe180000)
  to   space 28672K, 0% used [0x00000000fe280000,0x00000000fe280000,0x00000000ffe80000)
 ParOldGen       total 158720K, used 118165K [0x00000000d0000000, 0x00000000d9b00000, 0x00000000f0000000)
  object space 158720K, 74% used [0x00000000d0000000,0x00000000d73654c0,0x00000000d9b00000)
 Metaspace       used 83605K, capacity 85424K, committed 85676K, reserved 1124352K
  class space    used 9635K, capacity 10051K, committed 10156K, reserved 1048576K
}
Event: 195.074 GC heap before
{Heap before GC invocations=44 (full 4):
 PSYoungGen      total 230912K, used 207218K [0x00000000f0000000, 0x00000000ffe80000, 0x0000000100000000)
  eden space 201216K, 100% used [0x00000000f0000000,0x00000000fc480000,0x00000000fc480000)
  from space 29696K, 20% used [0x00000000fc480000,0x00000000fca5c9a8,0x00000000fe180000)
  to   space 28672K, 0% used [0x00000000fe280000,0x00000000fe280000,0x00000000ffe80000)
 ParOldGen       total 158720K, used 118165K [0x00000000d0000000, 0x00000000d9b00000, 0x00000000f0000000)
  object space 158720K, 74% used [0x00000000d0000000,0x00000000d73654c0,0x00000000d9b00000)
 Metaspace       used 88637K, capacity 90492K, committed 90796K, reserved 1130496K
  class space    used 10078K, capacity 10565K, committed 10668K, reserved 1048576K
Event: 195.084 GC heap after
Heap after GC invocations=44 (full 4):
 PSYoungGen      total 231936K, used 14858K [0x00000000f0000000, 0x00000000fff00000, 0x0000000100000000)
  eden space 203264K, 0% used [0x00000000f0000000,0x00000000f0000000,0x00000000fc680000)
  from space 28672K, 51% used [0x00000000fe280000,0x00000000ff102a20,0x00000000ffe80000)
  to   space 28672K, 0% used [0x00000000fc680000,0x00000000fc680000,0x00000000fe280000)
 ParOldGen       total 158720K, used 118205K [0x00000000d0000000, 0x00000000d9b00000, 0x00000000f0000000)
  object space 158720K, 74% used [0x00000000d0000000,0x00000000d736f4c0,0x00000000d9b00000)
 Metaspace       used 88637K, capacity 90492K, committed 90796K, reserved 1130496K
  class space    used 10078K, capacity 10565K, committed 10668K, reserved 1048576K
}

